[  0000000] Initializing cgroup subsys cpust    0.0000 Iniializig rop susycp
[    00000 Initialzig roup sbss pucct
[    0.000000 Luxversion 4.40-2-enerc uid@lgw01-md-03) (g vsion5.0 010609(Unt5.4.-6unu1~16.04.10) ) #1-Untu SMP edan16 21:0045TC 2019 (Ubtu 4.4.0-142.168-generic 4.4.167)
[    0.000000] Commad line: BOOT_IMAGE=/boot/vmlinuz-4.4.0-142-generic root=LABEL=cloudimg-rootfs ro console=tty1 console=ttyS0
[    0.000000] KERNEL supported cpus:
[    0.000000]   Intel GenuineIntel
[    0.000000]   AMD AuthenticAMD
[    0.000000]   Centaur CentaurHauls
[    0.000000] x86/fpu: xstate_offset[2]:  576, xstate_sizes[2]:  256
[     0.000000] x86/fpu: Supporting XSAVE feature 0x01: 'x87 floating point registers'
[    0.000000] x86/fpu: Supporting XSAVE feature 0x02: 'SSE registers'
[    0.000000] x86/fpu: Supporting XSAVE feature 0x04: 'AVX registers'
[    0.000000] x86/fpu: Enabled xstate features 0x7, context size is 832 bytes, using 'standard' format.
[    0.000000] e820: BIOS-provided physical RAM map:
[    0.000000] BIOS-e820: [mem 0x0000000000000000-0x000000000009fbff] usable
[    0.000000] BIOS-e820: [mem 0x000000000009fc00-0x000000000009ffff] reserved
[    0.000000] BIOS-e820: [mem 0x00000000000f0000-0x00000000000fffff] reserved
[    0.000000] BIOS-e820: [mem 0x0000000000100000-0x00000000dffeffff] usable
[    0.000000] BIOS-e820: [mem 0x00000000dfff0000-0x00000000dfffffff] ACPI data
[    0.000000] BIOS-e820: [mem 0x00000000fec00000-0x00000000fec00fff] reserved
[    0.000000] BIOS-e820: [mem 0x00000000fee00000-0x00000000fee00fff] reserved
[    0.000000] BIOS-e820: [mem 0x00000000fffc0000-0x00000000ffffffff] reserved
[    0.000000] BIOS-e820: [mem 0x0000000100000000-0x000000019fffffff] usable
[    0.000000] NX (Execute Disable) protection: active
[    0.000000] SMBIOS 2.5 present.
[    0.000000] Hypervisor detected: KVM
[    0.000000] e820: last_pfn = 0x1a0000 max_arch_pfn = 0x400000000
[   .00000] RR Disabed[   0.000000] 86AT: MTRR dabed, kiing PATinitalatn ttoo.
[    0.00000]PU MTRs l blak - vituizd system.
[    00000 x6/PA Cfiguraio[07]: WB  W U U  WB W U- UC  
[  0.0000] e820:last_fn 0xdff0 max_arch_pfn 0x0000000[   0.000000] found SMP MP-tableatmem 0x0009ff0-0x0009ffff] mapped at [ffff88000009fff0]
[    0.000000] Scanning 1 areas for low memory corruption
[    0.000000] RAMDISK: [mem 0x3630a000-0x3717cfff]
[    0.000000] ACPI: Early table checksum verification disabled
[    0.000000] ACPI: RSDP 0x00000000000E0000 000024 (v02 VBOX  )
[    0.000000] ACPI: XSDT 0x00000000DFFF0030 00003C (v01 VBOX   VBOXXSDT 00000001 ASL  00000061)
[    0.000000] ACPI: FACP 0x00000000DFFF00F0 0000F4 (v04 VBOX   VBOXFACP 00000001 ASL  00000061)
[    0.000000] ACPI: DSDT 0x00000000DFFF0470 0021FF (v02 VBOX   VBOXBIOS 00000002 INTL 20100528)
[    0.000000] ACPI: FACS 0x00000000DFFF0200 000040
[    0.000000] ACPI: FACS 0x00000000DFFF0200 000040
[    0.000000] ACPI: APIC 0x00000000DFFF0240 00005C (v02 VBOX   VBOXAPIC 00000001 ASL  00000061)
[    0.000000] ACPI: SSDT 0x00000000DFFF02A0 0001CC (v01 VBOX   VBOXCPUT 00000002 INTL 20100528)
[    0.000000] No NUMA configuration found
[    0.000000] Faking a node at [mem 0x0000000000000000-0x000000019fffffff]
[    0.000000] NODE_DATA(0) allocated [mem 0x19fff7000-0x19fffbfff]
[    0.000000] kvm-clock: Using msrs 4b564d01 and 4b564d00
[    0.000000] kvm-clock: cpu 0, msr 1:9ffef001, primary cpu clock
[    0.000000] kvm-clock: using sched offset of 5500063311 cycles
[    0.000000] clocksource: kvm-clock: mask: 0xffffffffffffffff max_cycles: 0x1cd42e4dffb, max_idle_ns: 881590591483 ns
[    0.000000] Zone ranges:
[    0.000000]   DMA      [mem 0x0000000000001000-0x0000000000ffffff]
[    0.000000]   DMA32    [mem 0x0000000001000000-0x00000000ffffffff]
[    0.000000]   Normal   [mem 0x0000000100000000-0x000000019fffffff]
[    0.000000]   Device   empty
[    0.000000] Movable zone start for each node
[    0.000000] Early memory node ranges
[    0.000000]   node   0: [mem 0x0000000000001000-0x000000000009efff]
[    0.000000]   node   0: [mem 0x00000000010000-00000000dfeff]
[  0.0000]   no  : [mem0x0000100000000-0000019ffffff]    0.00000 Itmem setup node 0 me0x000000000001000-0x000000019fffffff]
[   .00000] PI PM-Timer IO Pt:x4008
[   0.00000] APIC0]ap_iid 2, rsion 32, ddss 0xfc000 GSI 0-23
  0.0000] PI INT_RC_OVR(bus 0 bus_irq 0 global_irq 2 dfl dfl)
[    0.000000] ACPI: INT_SRC_OVR (us 0 bus_irq 9 global_irq 9 low level)
[    0.000000] Using ACPI (MADT) for SMP configuration information
    0.000000] smpboot: Allowing 2 CPUs, 0 hotplug CPUs
[    0.000000] PM: Registered nosave memory: [mem 0x00000000-0x00000fff]
[    0.000000] PM: Registered nosave memory: [mem 0x0009f000-0x0009ff
    0.0000PM: egteed nosave memoy: [me 0000a000x00eff]
[  0.000000] PM: Registerd nosavmeory: [em 0x000f0000x00fffff]
[   0.000] PM: egteed novemeor: [mem0xdf000-0xffff]
[    0.0000] PM Rgistrenoave emory[mm 0x0000-0xfebfffff][  0.000000 P Regiteedosave memory: [mem 0xfec00000-0xfec00fff]
[    0.000000] PM: Registered nosave memory: [mem 0xfec01000-0xfedfffff]
[    0.000000] PM: Registered nosave memory: [mem 0xfee00000-0xfee00fff]
[    0.000000] PM: Registered nosave memory: [mem 0xfee01000-0xfffbffff]
[    0.000000] PM: Registered nosave memory: [mem 0xfffc0000-0xffffffff]
[    0.000000] e820: [mem 0xe0000000-0xfebfffff] available for PCI devices
[    0.000000] Booting paravirtualized kernel on KVM
[    0.000000] clocksource: refined-jiffies: mask: 0xffffffff max_cycles: 0xffffffff, max_idle_ns: 7645519600211568 ns
[    0.000000] setup_percpu: NR_CPUS:512 nr_cpumask_bitss:512 nr_cpu_ids:2 nr_node_ids:1
[    0.000000] PERCPU: Embedded 34 pages/cpu @ffff88019fc00000 s99480 r8192 d31592 u1048576
[    0.000000] Built 1 zonelists in Node order, mobility grouping on.  Total pages: 1548152
[    0.000000] Policy zone: Normal
[    0.000000] Kernel command line: BOOT_IMAGE=/boot/vmlinuz-4.4.0-142-generic root=LABEL=cloudimg-rootfs ro console=tty1 console=ttyS0
[    0.000000] PID hash table entries: 4096 (order: 3, 32768 bytes)
[    0.000000] Memory: 6092632K/6291000K available (8603K kernel code, 1332K rwdata, 4004K rodata, 1484K init, 1316K bss, 198368K reserved, 0K cma-reserved)
[    0.000000] SLUB: HWalign=64, Order=0-3, MinObjects=0, CPUs=2, Nodes=1
[    0.000000] Kernel/User page tables isolation: enabled
[    0.000000] Hierarchical RCU implementation.
[    0.000000] 	Build-time adjustment of leaf fanout to 64.
[    000000] 	RCrericting Usrom NR_CPUS=512 to nr_cpu_id=2
[    0.00000] RU:Adjusting geoetryforc_fanutle=6, nr_cpu_ids=2
[    0.000000] _IS:3304 r_qs:40 
    0.000] Console: colour VGA+ 0x25[   0.0000] nsole [tty1 enale
[    .000000] cool[ttyS0] enabled[   0.000000] tsc: Detected 2903.998 MHz processor
[    5.616543] Calibrating delay loop (skipped) preset value.. 5807.99 BogoMIPS (lpj=11615992)
[    5.697084] pid_max: default: 32768 minimum: 301
[    5.717068] ACPI: Core revision 20150930
[    5.741348] ACPI: 2 ACPI AML tables successfully acquired and loaded
[    5.749398] Security Framework initialized
[    5.751186] Yama: becoming mindful.
[    5.752998] AppArmor: AppArmor initialized
[    5.757463] Dentry cache hash table entries: 1048576 (order: 11, 8388608 bytes)
[    5.769557] Inode-cache hash table entries: 524288 (order: 10, 4194304 bytes)
[    5.775158] Mount-cache hash table entries: 16384 (order: 5, 131072 bytes)
[    5.778240] Mountpoint-cache hash table entries: 16384 (order: 5, 131072 bytes)
[    5.783298] Initializing cgroup subsys io
[    5.785205] Initializing cgroup subsys memory
[    5.787479] Initializing cgroup subsys devices
[    5.789712] Initializing cgroup subsys freezer
[    5.791653] Initializing cgroup subsys net_cls
[    5.793617] Initializing cgroup subsys perf_event
[    5.795975] Initializing cgroup subsys net_prio
[    5.797954] Initializing cgroup subsys hugetlb
[    5.799912] Initializing cgroup subsys pids
[    5.802730] mce: CPU supports 0 MCE banks
[    5.804024] Last level iTLB entries: 4KB 64, 2MB 8, 4MB 8
[    5.805559] Last level dTLB entries: 4KB 64, 2MB 0, 4MB 0, 1GB 4
[    5.807401] Spectre V2 : Mitigation: Full generic retpoline
[    5.809407] Spectre V2 : Spectre v2 / SpectreRSB mitigation: Filling RSB on context switch
[    5.812303] Speculative Store Bypass: Vulnerable
[    5.839438] Freeing SMP alternatives memory: 32K
[    5.885138] ftrace: allocating 32277 entries in 127 pages
[    6.001021] smpboot: APIC(0) Converting physical 0 to logical package 0
[    6.073135] smpboot: Max logical packages: 1
[    6.112087] x2apic enabled
[    6.152857] Switched APIC routing to physical x2apic.
[    6.193586] ..TIMER: vector=0x30 apic1=0 pin1=2 apic2=-1 pin2=-1
[    6.399711] smpboot: CPU0: Intel(R) Core(TM) i7-7820HQ CPU @ 2.90GHz (family: 0x6, model: 0x9e, stepping: 0x9)
[    6.553302] Performance Events: unsupported p6 CPU model 158 no PMU driver, software events only.
[    6.650222] KVM setup paravirtual spinlock
[    6.701522] x86: Booting SMP configuration:
[    6.776755] .... node  #0, CPUs:      #1
[    6.844813] kvm-clock: cpu 1, msr 1:9ffef041, secondary cpu clock
[    6.862883] mce: CPU supports 0 MCE banks
[    6.867886] x86: Booted up 1 node, 2 CPUs
[    6.873427] smpboot: Total of 2 processors activated (11615.99 BogoMIPS)
[    6.876469] devtmpfs: initialized
[    6.880332] evm: security.selinux
[    6.881818] evm: security.SMACK64
[    6.883264] evm: security.SMACK64EXEC
[    6.884849] evm: security.SMACK64TRANSMUTE
[    6.886594] evm: security.SMACK64MMAP
[    6.888132] evm: security.ima
[    6.889488] evm: security.capability
[    6.891241] clocksource: jiffies: mask: 0xffffffff max_cycles: 0xffffffff, max_idle_ns: 7645041785100000 ns
[    6.895258] futex hash table entries: 512 (order: 3, 32768 bytes)
[    6.901526] pinctrl core: initialized pinctrl subsystem
[    6.907394] RTC time: 17:54:58, date: 02/16/19
[    6.911834] NET: Registered protocol family 16
[    6.940609] cpuidle: using governor ladder
[    6.960735] cpuidle: using governor menu
[    6.968418] PCCT header not found.
[    7.009069] ACPI: bus type PCI registered
[    7.017924] acpiphp: ACPI Hot Plug PCI Controller Driver version: 0.5
[    7.050859] PCI: Using configuration type 1 for base access
[    7.095323] ACPI: Added _OSI(Module Device)
[    7.156579] ACPI: Added _OSI(Processor Device)
[    7.224328] ACPI: Added _OSI(3.0 _SCP Extensions)
[    7.267419] ACPI: Added _OSI(Processor Aggregator Device)
[    7.387630] ACPI: Executed 1 blocks of module-level executable AML code
[    7.460949] ACPI: Interpreter enabled
[    7.466998] ACPI: (supports S0 S5)
[    7.483020] ACPI: Using IOAPIC for interrupt routing
[    7.577837] PCI: Using host bridge windows from ACPI; if necessary, use "pci=nocrs" and report a bug
[    7.623609] ACPI: PCI Root Bridge [PCI0] (domain 0000 [bus 00-ff])
[    7.687465] acpi PNP0A03:00: _OSC: OS supports [ASPM ClockPM Segments MSI]
[    7.785666] acpi PNP0A03:00: _OSC: not requesting OS control; OS requires [ExtendedConfig ASPM ClockPM MSI]
[    7.938038] acpi PNP0A03:00: fail to add MMCONFIG information, can't access extended PCI configuration space under this bridge.
[    7.996385] PCI host bridge to bus 0000:00
[    7.998194] pci_bus 0000:00: root bus resource [io  0x0000-0x0cf7 window]
[    8.000900] pci_bus 0000:00: root bus resource [io  0x0d00-0xffff window]
[    8.012338] pci_bus 0000:00: root bus resource [mem 0x000a0000-0x000bffff window]
[    8.016190] pci_bus 0000:00: root bus resource [mem 0xe0000000-0xfdffffff window]
[    8.019514] pci_bus 0000:00: root bus resource [bus 00-ff]
[    8.024426] pci 0000:00:01.1: legacy IDE quirk: reg 0x10: [io  0x01f0-0x01f7]
[    8.027372] pci 0000:00:01.1: legacy IDE quirk: reg 0x14: [io  0x03f6]
[    8.029982] pci 0000:00:01.1: legacy IDE quirk: reg 0x18: [io  0x0170-0x0177]
[    8.032826] pci 0000:00:01.1: legacy IDE quirk: reg 0x1c: [io  0x0376]
[    8.086528] pci 0000:00:07.0: quirk: [io  0x4000-0x403f] claimed by PIIX4 ACPI
[    8.235742] pci 0000:00:07.0: quirk: [io  0x4100-0x410f] claimed by PIIX4 SMB
[    8.332929] ACPI: PCI Interrupt Link [LNKA] (IRQs 5 9 10 *11)
[    8.407228] ACPI: PCI Interrupt Link [LNKB] (IRQs 5 9 *10 11)
[    8.491862] ACPI: PCI Interrupt Link [LNKC] (IRQs 5 *9 10 11)
[    8.564114] ACPI: PCI Interrupt Link [LNKD] (IRQs 5 9 10 *11)
[    8.678881] ACPI: Enabled 2 GPEs in block 00 to 07
[    8.758840] vgaarb: setting as boot device: PCI:0000:00:02.0
[    8.850096] vgaarb: device added: PCI:0000:00:02.0,decodes=io+mem,owns=io+mem,locks=none
[    8.956451] vgaarb: loaded
[    8.965082] vgaarb: bridge control possible 0000:00:02.0
[    9.006466] SCSI subsystem initialized
[    9.038356] ACPI: bus type USB registered
[    9.070248] usbcore: registered new interface driver usbfs
[    9.091562] usbcore: registered new interface driver hub
[    9.114953] usbcore: registered new device driver usb
[    9.123050] PCI: Using ACPI for IRQ routing
[    9.125846] NetLabel: Initializing
[    9.127685] NetLabel:  domain hash size = 128
[    9.129818] NetLabel:  protocols = UNLABELED CIPSOv4
[    9.138617] NetLabel:  unlabeled traffic allowed by default
[    9.141655] amd_nb: Cannot enumerate AMD northbridges
[    9.144175] clocksource: Switched to clocksource kvm-clock
[    9.158402] AppArmor: AppArmor Filesystem Enabled
[    9.161019] pnp: PnP ACPI init
[    9.164955] pnp: PnP ACPI: found 3 devices
[    9.180391] clocksource: acp_p: sk: 0xfffff m_cycles: 0xfffff mx_dl_n 2085701024 s[   5470 NT: Registered protcofaly 

[    9.897335] TCP established hash table entris:55 (rdr:, 428 bytes)
[   10.181071] TCP bind hah table entries: 6553(order: 8, 1048576 bytes)
[   10.277924] TCP: Hash tables configured (established 65536 bind 65536)
[   10.281629] UP hash table entries: 4096 (order: 5, 131072 byts)
[ 10.344182] UDP-Lite hash table entries: 4096 (order: 5, 131072 bytes)
[   10.409610] NET: Registered protocol family 1
[   10.412105] pci 0000:00:00.0: Limiting direct PCI/PCI transfers
[   10.415544] pci 0000:00:01.0: Activating ISA DMA hang workarounds
[   10.419712] Unpacking initramfs...

[   10.644937] Freeing inttdd memory: 14796K
[   10.777889] PCI-DMA: Using software bounce buffering for IO (SWIOTLB)
[   10.876257] software IO TLB [mem 0xdbff0000-0xdfff0000] (64MB) mapped at [ffff8800dbff0000-ffff8800dffeffff]
[   11.067508] platform rtc_cmos: registered platform RTC device (no PNP device found)
[   11.140750] Scanning for low memory corruption every 60 seconds
[   11.196669] audit: initializing netlink subsys (disabled)
[   11.242920] audit: type=2000 audit(1550339701.268:1): initialized
[   11.315057] Initialise system trusted keyring
[   11.349335] HugeTLB registered 2 MB page size, pre-allocated 0 pages
[   11.378574 zbud: loaded

[   11.419849] VFS: Disk quotas dquot_6.6.0
[   11.426888] VFS: Dquot-cache hash table entries: 512 (order 0, 4096 bytes)
[   11.452730] squashfs: version 4.0 (2009/01/31) Phillip Lougher
[   11.455181] fuse init (API version 7.23)
[   11.457694] Key type big_keyregistered
[ 11.491824]llcangIM MK nd aclit yrgs.

[   11.909012] Key type asymmetric registered
[   11.974147] Asymmetric key parser 'x509' registered
[   12.020955] Block layer SCSI generic (bsg) driver version 0.4 loaded (major 249)
[   12.064398] tsc: Refined TSC clocksource calibration: 2903.680 MHz
[   12.064401] clocksource: tsc: mask: 0xffffffffffffffff max_cycles: 0x29dad77bdae, max_idle_ns: 440795302517 ns
[   12.241513] io scheduler noop registered
[   12.30461]o heul deadline registered (default)
[   .491313] io scheduler cfq registered
[   12.539587] pci_hotplug: PCI Hot Plug PCI Core version: 0.5
[   12.541848] pciehp: PCI Express Hot Plug Controller Driver version: 0.4
[   12.544961] ACPI: AC Adapter [AC] (off-line)
[   12.546955] input: Power Button as /devices/LNXSYSTM:00/LNXPWRBN:00/input/input0
[   12.550100] ACPI: Power Button [PWRF]
[   12.551670] input: Sleep Button as /devices/LNXSYSTM:00/LNXSLPBN:00/input/input1
[   12.554899] ACPI: Sleep Button [SLPF]

[   12.556984] GHES: HEST is not enabled!
[   12.558500] ACPI: Battery Slot [BAT0] (battery present)
[   12.561214] Serial: 8250/16550 driver, 32 ports, IRQ sharing enabled
[   12.587318] 00:02:tt0 t /O0x3f8 (iq  4 be_au= 5200) is a 16550A

[   12.962060] Linux agpgart interface v0.103
[   12.993695] loop: module loaded
[   13.010738] scsi host0: ata_piix
[   13.057137] scsi host1: ata_piix
[   13.107282] ata1: PATA max UDMA/33 cmd 0x1f0 ctl 0x3f6 bmdma 0xd000 irq 14
[   13.178468] ata2: PATA max UDMA/33 cmd 0x170 ctl 0x366 bmdma 0xd008 ir  15
[   13.286383] libphy: Fixed MDIO Bus: probed
[   13.386796] tun: Universal TUN/TAP device driver, 1.6
[   13.495973] tun: (C) 1999-2004 Max Krasnyansky <maxk@qualcomm.com>
[   13.595366] PPP generic driver version 2.4.2
[   13.624031] ehci_hcd: USB 2.0 'Enhanced' Host Controller (EHCI) Driver
[   13.633982] ehci-pci: EHCI PCI platform driver
[   13.636931] ehci-platform: EHCI generic platform driver
[   13.639175] ohci_hcd: USB 1.1 'Open' Host Controller (OHCI) Driver
[   13.641773] ohci-pci: OHCI PCI platform driver
[   13.643592] ohci-platform: OHCI generic platform driver
[   13.645830] uhci_hcd: USB Universal Host Controller Interface driver
[   13.648600] i8042: PNP: PS/2 Controller [PNP0303:PS2K,PNP0f03:PS2M] at 0x60,0x64 irq 1,12
[   13.652666] serio: i8042 KBD port at 0x60,0x64 irq 1
[   13.654728] serio: i8042 AUX port at 0x60,0x64 irq 12
[   13.657148] mousedev: PS/2 mouse device common for all mice
[   13.659826] rtc_cmos rtc_cmos: rtc core: registered rtc_cmos as rtc0
[   13.662450] rtc_cmos rtc_cmos: alarms up to one day, 114 bytes nvram
[   13.665190] input: AT Translated Set 2 keyboard as /devices/platform/i8042/serio0/input/input2
[   13.668939] i2c /dev entries driver
[   13.670543] device-mapper: uevent: version 1.0.3
[   13.672686] device-mapper: ioctl: 4.34.0-ioctl (2015-10-28) initialised: dm-devel@redhat.com
[   13.676299] ledtrig-cpu: registered to indicate activity on CPUs
[   13.678569] NET: Registered protocol family 10
[   13.680063] NET: Registered protocol family 17
[   13.681372] Key type dns_resolver registered
[   13.683045] registered taskstats version 1
[   13.684219] Loading compiled-in X.509 certificates
[   13.686011] Loaded X.509 cert 'Build time autogenerated kernel key: bff73e56bc0efa7435b2a24f5427674623f1be80'
[   13.689687] zswap: loaded using pool lzo/zbud
[   13.758618] Key type trusted registered
[   13.820748] Key type encrypted registered
[   13.886074] AppArmor: AppArmor sha1 policy hashing enabled
[   13.937650] ima: No TPM chip found, activating TPM-bypass!
[   14.006619] ima: Allocated hash algorithm: sha1
[   14.068915] evm: HMAC attrs: 0x1
[   14.122432]   Magic number: 7:870:946
[   14.126717] tty tty3: hash matches
[   14.136171] processor cpu1: hash matches
[   14.182347] rtc_cmos rtc_cmos: setting system clock to 2019-02-16 17:55:05 UTC (1550339705)
[   4.5662] BS DD fciit v16 20-J-2, devices found

[   14.781299] EDD information not available.
[   14.784459] Freeing unused kernel memory: 1484K
[   14.800543] Write protecting the kernel read-only data: 14336k
[   14.822760] Freeing unused kernel memory: 1624K
[   14.824467] Freeing unused kernel memory: 92K
Loading, please wait...
starting version[   14.838458] random: systemd-udevd: uninitialized urandom read (16 bytes read, 7 bits of entropy available)
 229
[   14.838628] random: udevadm: uninitialized urandom read (16 bytes read, 7 bits of entropy available)
[   14.838645] random: udevadm: uninitialized urandom read (16 bytes read, 7 bits of entropy available)
[   14.844903] random: udevadm: uninitialized urandom read (16 bytes read, 7 bits of entropy available)
[   14.844936] random: udevadm: uninitialized urandom read (16 bytes read, 7 bits of entropy available)
[   14.845036] random: udevadm: uninitialized urandom read (16 bytes read, 7 bits of entropy available)
[   14.845075] random: udevadm: uninitialized urandom read (16 bytes read, 7 bits of entropy available)
[   14.845111] random: udevadm: uninitialized urandom read (16 bytes read, 7 bits of entropy available)
[   14.845146] random: udevadm: uninitialized urandom read (16 bytes read, 7 bits of entropy available)
[   14.845182] random: udevadm: uninitialized urandom read (16 bytes read, 7 bits of entropy available)
[   15.630277] Fusion MPT base driver 3.04.20
[   15.722987] Copyright (c) 1999-2008 LSI Corporation
[   15.797165] Fusion MPT SPI Host driver 3.04.20
[   15.852440] mptbase: ioc0: Initiating bringup
[   15.862620] AVX2 version of gcm_enc/dec engaged.
[   15.862827] e1000: Intel(R) PRO/1000 Network Driver - version 7.3.21-k8-NAPI
[   15.862828] e1000: Copyright (c) 1999-2006 Intel Corporation.
[   15.870117] AES CTR mode by8 optimization enabled
[   15.936341] ioc0: LSI53C1030 A0: Capabilities={Initiator}
[   16.098008] input: ImExPS/2 Generic Explorer Mouse as /devices/platform/i8042/serio1/input/input4
[   16.265794] scsi host2: ioc0: LSI53C1030 A0, FwRev=00000000h, Ports=1, MaxQ=256, IRQ=20
[   16.716856] scsi 2:0:0:0: Direct-Access     VBOX     HARDDISK         1.0  PQ: 0 ANSI: 5
[   17.355490] scsi target2:0:0: Beginning Domain Validation
[   17.490487] scsi target2:0:0: Domain Validation skipping write tests
[   17.563580] scsi target2:0:0: Ending Domain Validation
[   17.692890] scsi target2:0:0: asynchronous
[   17.721303] e1000 0000:00:03.0 eth0: (PCI:33MHz:32-bit) 02:a9:46:80:4d:77
[   17.721307] e1000 0000:00:03.0 eth0: Intel(R) PRO/1000 Network Connection
[   18.019093] e1000 0000:00:03.0 enp0s3: renamed from eth0
[   18.067200] scsi 2:0:1:0: Direct-Access     VBOX     HARDDISK         1.0  PQ: 0 ANSI: 5
[   18.084543] scsi target2:0:1: Beginning Domain Validation
[   18.088691] scsi target2:0:1: Domain Validation skipping write tests
[   18.091270] scsi target2:0:1: Ending Domain Validation
[   18.093579] scsi target2:0:1: asynchronous
[   18.104349] sd 2:0:0:0: Attached scsi generic sg0 type 0
[   18.106710] sd 2:0:0:0: [sda] 20971520 512-byte logical blocks: (10.7 GB/10.0 GiB)
[   18.110253] sd 2:0:1:0: Attached scsi generic sg1 type 0
[   18.110330] sd 2:0:1:0: [sdb] 20480 512-byte logical blocks: (10.5 MB/10.0 MiB)
[   18.110503] sd 2:0:1:0: [sdb] Write Protect is off
[   18.110677] sd 2:0:1:0: [sdb] Incomplete mode parameter data
[   18.110678] sd 2:0:1:0: [sdb] Assuming drive cache: write through
[   18.116816] sd 2:0:0:0: [sda] Write Protect is off
[   18.116981] sd 2:0:0:0: [sda] Incomplete mode parameter data
[   18.116983] sd 2:0:0:0: [sda] Assuming drive cache: write through
[   18.118652] sd 2:0:1:0: [sdb] Attached SCSI disk
[   18.124040]  sda: sda1
[   18.124920] sd 2:0:0:0: [sda] Attached SCSI disk
Begin: Loading e[   19.415850] md: linear personality registered for level -1
ssential drivers ... [   19.500028] md: multipath personality registered for level -4
[   19.521053] md: raid0 personality registered for level 0
[   19.525803] md: raid1 personality registered for level 1
[   19.688440] raid6: sse2x1   gen() 12600 MB/s
[   19.832370] raid6: sse2x1   xor()  9537 MB/s
[   19.920736] raid6: sse2x2   gen() 15558 MB/s
[   20.024468] raid6: sse2x2   xor() 10979 MB/s
[   20.092447] raid6: sse2x4   gen() 17763 MB/s
[   20.220451] raid6: sse2x4   xor() 11550 MB/s
[   20.332268] raid6: avx2x1   gen() 22458 MB/s
[   20.400419] raid6: avx2x2   gen() 26867 MB/s
[   20.516360] raid6: avx2x4   gen() 32198 MB/s
[   20.538985] raid6: using algorithm avx2x4 gen() 32198 MB/s
[   20.637873] raid6: using avx2x2 recovery algorithm
[   20.686565] xor: automatically using best checksumming function:
[   20.796342]    avx       : 22463.000 MB/sec
[   20.833425] async_tx: api initialized (async)
[   20.873910] md: raid6 personality registered for level 6
[   20.907253] md: raid5 personality registered for level 5
[   20.932982] md: raid4 personality registered for level 4
[   20.981667] md: raid10 personality registered for level 10
done.
Begin: Running /scripts/init-premount ... done.
Begin: Mounting root file system ... Begin: Running /scripts/local-top ... done.
Begin: Running /scripts/local-premount ... [   21.067447] Btrfs loaded
Scanning for Btrfs filesystems
done.
Warning: fsck no[   21.118343] EXT4-fs (sda1): mounted filesystem with ordered data mode. Opts: (null)
t present, so skipping root file system
done.
Begin: Running /scripts/local-bottom ... done.
Begin: Running /scripts/init-bottom ... done.
[   21.356095] systemd[1]: systemd 229 running in system mode. (+PAM +AUDIT +SELINUX +IMA +APPARMOR +SMACK +SYSVINIT +UTMP +LIBCRYPTSETUP +GCRYPT +GNUTLS +ACL +XZ -LZ4 +SECCOMP +BLKID +ELFUTILS +KMOD -IDN)
[   21.362745] systemd[1]: Detected virtualization oracle.
[   21.364266] systemd[1]: Detected architecture x86-64.

Welcome to [1mUbuntu 16.04.5 LTS[0m!

[   21.369130] systemd[1]: Set hostname to <ubuntu>.
[   21.376422] systemd[1]: Initializing machine ID from random generator.
[   21.407184] systemd[1]: Installed transient /etc/machine-id file.
[   21.568318] systemd[1]: Listening on Journal Socket (/dev/log).
[[0;32m  OK  [0m] Listening on Journal Socket (/dev/log).
[   21.572961] systemd[1]: Listening on LVM2 metadata daemon socket.
[[0;32m  OK  [0m] Listening on LVM2 metadata daemon socket.
[   21.577535] systemd[1]: Created slice System Slice.
[[0;32m  OK  [0m] Created slice System Slice.
[   21.581376] systemd[1]: Started Forward Password Requests to Wall Directory Watch.
[[0;32m  OK  [0m] Started Forward Password Requests to Wall Directory Watch.
[   21.588382] systemd[1]: Listening on Device-mapper event daemon FIFOs.
[[0;32m  OK  [0m] Listening on Device-mapper event daemon FIFOs.
[   21.592418] systemd[1]: Listening on udev Control Socket.
[[0;32m  OK  [0m] Listening on udev Control Socket.
[   21.605055] systemd[1]: Reached target Swap.
[[0;32m  OK  [0m] Reached target Swap.
[   21.661279] systemd[1]: Set up automount Arbitrary Executable File Formats File System Automount Point.
[[0;32m  OK  [0m] Set up automount Arbitrary Executab...ats File System Automount Point.
[   21.769037] systemd[1]: Listening on LVM2 poll daemon socket.
[[0;32m  OK  [0m] Listening on LVM2 poll daemon socket.
[   21.836699] systemd[1]: Listening on /dev/initctl Compatibility Named Pipe.
[[0;32m  OK  [0m] Listening on /dev/initctl Compatibility Named Pipe.
[   21.925147] systemd[1]  eeached target System Time Synchronized.
[[0;32m  OK  [0m] Reached target System Time Synchronized.
[   22.076890] systemd[1]: Created slice system-serial\x2dgetty.slice.
[[0;32m  OK  [0m] Created slice system-serial\x2dgetty.slice.
[   22.190551] systemd[1]: Listening on udev Kernel Socket.
[[0;32m  OK  [0m] Listening on udev Kernel Socket.
[   22.349362] systemd[1]: Listening on Journal Socket.
[[0;32m  OK  [0m] Listening on Journal Socket.
[   22.429234] systemd[1]: Mounting Huge Pages File System...
         Mounting Huge Pages File System...
[   22.488561] systemd[1]: Starting Remount Root and Kernel File Systems...
[   22.492724] EXT4-fs (sda1): re-mounted. Opts: (null)
         Starting Remount Root and Kernel File Systems...
[   22.562680] systemd[1]: Starting Uncomplicated firewall...
[   22.565174] random: nonblocking pool is initialized
         Starting Uncomplicated firewall...
[   22.582645] systemd[1]: Starting Load Kernel Modules...
         Starting Load Kernel Modules...
[   22.601317] Loading iSCSI transport class v2.0-870.
[   22.610750] iscsi: registered transport (tcp)
[   22.616838] systemd[1]: Starting Create list of required static device nodes for the current kernel...
         Starting Create list of required st... nodes for the current kernel...[   22.652931] iscsi: registered transport (iser)

[   22.720608] systemd[1]: Starting Monitoring of LVM2 mirrors, snapshots etc. using dmeventd or progress polling...
         Starting Monitoring of LVM2 mirrors... dmeventd or progress polling...
[   22.784168] systemd[1]: Mounting Debug File System...
         Mounting Debug File System...
[   22.932776] systemd[1]: Mounting POSIX Message Queue File System...
         Mounting POSIX Message Queue File System...
[   22.956770] systemd[1]: Reached target User and Group Name Lookups.
[[0;32m  OK  [0m] Reached target User and Group Name Lookups.
[   23.048697] systemd[1]: Reached target Encrypted Volumes.
[[0;32m  OK  [0m] Reached target Encrypted Volumes.
[   23.117041] systemd[1]: Started Trigger resolvconf update for networkd DNS.
[[0;32m  OK  [0m] Started Trigger resolvconf update for networkd DNS.
[   23.296879] systemd[1]: Created slice User and Session Slice.
[[0;32m  OK  [0m] Created slice User and Session Slice.
[   23.421104] systemd[1]: Reached target Slices.
[[0;32m  OK  [0m] Reached target Slices.
[   23.464813] systemd[1]: Listening on Syslog Socket.
[[0;32m  OK  [0m] Listening on Syslog Socket.
[   23.517025] systemd[1]: Starting Set console keymap...
         Starting Set console keymap...
[   23.591405] systemd[1]: Listening on Journal Audit Socket.
[[0;32m  OK  [0m] Listening on Journal Audit Socket.
[   23.677015] systemd[1]: Starting Journal Service...
         Starting Journal Service...
[   23.720440] systemd[1]: Starting Nameserver information manager...
         Starting Nameserver information manager...
[   23.727845] systemd[1]: Mounted Huge Pages File System.
[[0;32m  OK  [0m] Mounted Huge Pages File System.
[   23.735615] systemd[1]: Mounted Debug File System.
[[0;32m  OK  [0m] Mounted Debug File System.
[   23.740700] systemd[1]: Mounted POSIX Message Queue File System.
[[0;32m  OK  [0m] Mounted POSIX Message Queue File System.
[   23.746524] systemd[1]: Started Journal Service.
[[0;32m  OK  [0m] Started Journal Service.
[[0;32m  OK  [0m] Started Remount Root and Kernel File Systems.
[[0;32m  OK  [0m] Started Uncomplicated firewall.
[[0;32m  OK  [0m] Started Load Kernel Modules.
[[0;32m  OK  [0m] Started Create list of required sta...ce nodes for the current kernel.
[[0;32m  OK  [0m] Started Set console keymap.
[[0;32m  OK  [0m] Started Nameserver information manager.
[[0;32m  OK  [0m] Started LVM2 metadata daemon.
         Starting Create Static Device Nodes in /dev...
         Starting Apply Kernel Variables...
         Mounting FUSE Control File System...
         Starting Load/Save Random Seed...
         Starting udev Coldplug all Devices...
         Starting Flush Journal to Persistent Storage...
[[0;32m  OK  [0m] Mounted FUSE Control File System.
[[0;32m  OK  [0m] Started Create Static Device Nodes in /dev.
[[0;32m  OK  [0m] Started Apply Kernel Variables.
[[0;32m  OK  [0m] Started Load/Save Random Seed.
[[0;32m  OK  [0m] Started Monitoring of LVM2 mirrors,...ng dmeventd or progress polling.
[[0;32m  OK  [0m] Started udev Coldplug all Devices.
[[0;32m  OK  [0m] Started Flush Journal to Persistent Storage.
         Starting udev Kernel Device Manager...
[[0;32m  OK  [0m] Reached target Local File Systems (Pre).
[[0;32m  OK  [0m] Reached target Local File Systems.
         Starting Create Volatile Files and Directories...
         Starting LSB: AppArmor initialization...
         Starting Initial cloud-init job (pre-networking)...
         Starting Commit a transient machine-id on disk...
         Starting Set console font and keymap...
         Starting Tell Plymouth To Write Out Runtime Data...
[[0;32m  OK  [0m] Started udev Kernel Device Manager.
[[0;32m  OK  [0m] Started Create Volatile Files and Directories.
[[0;32m  OK  [0m] Started Commit a transient machine-id on disk.
[[0;32m  OK  [0m] Started Tell Plymouth To Write Out Runtime Data.
         Starting Update UTMP about System Boot/Shutdown...
[[0;32m  OK  [0m] Started Dispatch Password Requests to Console Directory Watch.
[[0;32m  OK  [0m] Started Update UTMP about System Boot/Shutdown.
[[0;32m  OK  [0m] Found device /dev/ttyS0.
[[0;32m  OK  [0m] Listening on Load/Save RF Kill Switch Status /dev/rfkill Watch.
[[0;32m  OK  [0m] Started LSB: AppArmor initialization.
[   16.982309] cloud-init[480]: Cloud-init v. 18.4-0ubuntu1~16.04.2 running 'init-local' at Sat, 16 Feb 2019 17:55:16 +0000. Up 16.57 seconds.
[[0;32m  OK  [0m] Started Initial cloud-init job (pre-networking).
[[0;32m  OK  [0m] Reached target Network (Pre).
         Starting Raise network interfaces...
[[0;32m  OK  [0m] Started Set console font and keymap.
[[0;32m  OK  [0m] Created slice system-getty.slice.
[[0;32m  OK  [0m] Started Raise network interfaces.
         Starting Initial cloud-init job (metadata service crawler)...
[[0;32m  OK  [0m] Reached target Network.
[   18.663025] cloud-init[927]: Cloud-init v. 18.4-0ubuntu1~16.04.2 running 'init' at Sat, 16 Feb 2019 17:55:17 +0000. Up 17.97 seconds.
[   18.704544] cloud-init[927]: ci-info: ++++++++++++++++++++++++++++++++++++++Net device info++++++++++++++++++++++++++++++++++++++
[[0;32m  OK  [0m] Started Initial cloud-init job (metadata service crawler).
[   18.743413] [cloud-init[0;32m  OK  [0m[927]: ] ci-info: +--------+------+----------------------------+---------------+--------+-------------------+Reached target Network is Online.

[   18.821055] cloud-init[927]: ci-info: | Device |  Up  |          Address           |      Mask     | Scope  |     Hw-Address    |
         Starting iSCSI initiator daemon (iscsid)...
[   18.822426] [cloud-init[0;32m  OK  [0m[927]: ] ci-info: +--------+------+----------------------------+---------------+--------+-------------------+Reached target System Initialization.

[   18.993136] [cloud-init[927]: ci-info: | enp0s3 | True |         10.0.2.15          | 255.255.255.0 | global | 02:a9:46:80:4d:77 |
[0;32m  OK  [0m] Listening on ACPID Listen Socket.
[[0;32m  OK  [0m] Started Daily Cleanup of Temporary Directories.
[   18.994804] cloud-init[927]: ci-info: | enp0s3 | True | fe80::a9:46ff:fe80:4d77/64 |       .       |  link  | 02:a9:46:80:4d:77 |
[   19.164605] [cloud-init[0;32m  OK  [0m[927]: ] ci-info: |   lo   | True |         127.0.0.1          |   255.0.0.0   |  host  |         .         |Started ACPI Events Check.

[   19.284715] [cloud-init[0;32m  OK  [0m[927]: ] ci-info: |   lo   | True |          ::1/128           |       .       |  host  |         .         |Reached target Paths.

[   19.286270] cloud-init[927]: ci-info: +--------+------+----------------------------+---------------+--------+-------------------+
[   19.405798]          cloud-initStarting LXD - unix socket.[927]: 
ci-info: +++++++++++++++++++++++++++Route IPv4 info++++++++++++++++++++++++++++
[   19.492953] [[0;32m  OK  [0m] Listening on D-Bus System Message Bus Socket.
cloud-init[[0;32m  OK  [0m] Listening on UUID daemon activation socket.
[927]:          Starting Socket activation for snappy daemon.
ci-info: +-------+-------------+----------+---------------+-----------+-------+[[0;32m  OK  [0m] Started Daily apt download activities.

[   19.550434] [cloud-init[0;32m  OK  [0m[927]: ] ci-info: | Route | Destination | Gateway  |    Genmask    | Interface | Flags |Started Daily apt upgrade and clean activities.

[[0;32m  OK  [0m] Reached target Timers.
[   19.551770] [[0;32m  OK  [0m] Reached target Cloud-config availability.
cloud-init[927]: ci-info: +-------+-------------+----------+---------------+-----------+-------+
[   19.658729] [cloud-init[0;32m  OK  [0m[927]: ] ci-info: |   0   |   0.0.0.0   | 10.0.2.2 |    0.0.0.0    |   enp0s3  |   UG  |Listening on LXD - unix socket.

[[0;32m  OK  [0m] Listening on Socket activation for snappy daemon.
[   19.659875] [[0;32m  OK  [0m] Started iSCSI initiator daemon (iscsid).
cloud-init[927]: ci-info: |   1   |   10.0.2.0  | 0.0.0.0  | 255.255.255.0 |   enp0s3  |   U   |
         Starting Login to default iSCSI targets...
[   19.730109] [[0;32m  OK  [0m] Reached target Sockets.
cloud-init[[0;32m  OK  [0m] Reached target Basic System.
[927]: [[0;32m  OK  [0m] Started Deferred execution scheduler.
ci-info: +-------+-------------+----------+---------------+-----------+-------+[[0;32m  OK  [0m] Started FUSE filesystem for LXC.

         Starting Accounts Service...
         Starting /etc/rc.local Compatibility...
         Starting LXD - container startup/shutdown...
         Starting LSB: MD monitoring daemon...
[   19.754673] cloud-init[927]: ci-info: +++++++++++++++++++Route IPv6 info+++++++++++++++++++
[   19.761140] cloud-init[927]: ci-info: +-------+-------------+---------+-----------+-------+
[[0;32m  OK  [0m] Started Regular background program processing daemon.
[   19.761637] cloud-init[927]: ci-info: | Route | Destination | Gateway | Interface | Flags |
[   19.771943] cloud-init[927]: ci-info: +-------+-------------+---------+-----------+-------+
[   19.772174] cloud-init[927]: ci-info: |   0   |  fe80::/64  |    ::   |   enp0s3  |   U   |
[   19.773308] cloud-init[927]: ci-info: |   3   |   ff00::/8  |    ::   |   enp0s3  |   U   |
[   19.774397] cloud-init[927]: ci-info: +-------+-------------+---------+-----------+-------+
[   19.776325] cloud-init[927]: Generating public/private rsa key pair.
[   19.776758] cloud-init[927]: Your identification has been saved in /etc/ssh/ssh_host_rsa_key.
[   19.777190] cloud-init[927]: Your public key has been saved in /etc/ssh/ssh_host_rsa_key.pub.
[   19.778647] cloud-init[927]: The key fingerprint is:
[   19.779282] cloud-init[927]: SHA256:OKme8B7GNyV71q+Pt/14w0CMwko/cs/KZ7opaW+88CE root@ubuntu-xenial
[   19.781086] cloud-init[927]: The key's randomart image is:
[   19.781655] cloud-init[927]: +---[RSA 2048]----+
[   19.782661] cloud-init[927]: |                 |
[   19.782967] cloud-init[927]: |                 |
[   19.783279] cloud-init[927]: |        .   o    |
[   19.783583] cloud-init[927]: |       + o . o   |
[   19.783889] cloud-init[927]: |      * S . .    |
[   19.784526] cloud-init[927]: |   . . B =   .   |
[   19.784831] cloud-init[927]: |  . = +EB.=   o  |
[   19.785145] cloud-init[927]: |   = + B=ooB.. +.|
[   19.785450] cloud-init[927]: |   .= . +XX++.ooo|
[   19.785766] cloud-init[927]: +----[SHA256]-----+
[   19.786075] cloud-init[927]: Generating public/private dsa key pair.
[   19.786377] cloud-init[927]: Your identification has been saved in /etc/ssh/ssh_host_dsa_key.
[   19.786686] cloud-init[927]: Your public key has been saved in /etc/ssh/ssh_host_dsa_key.pub.
[   19.786992] cloud-init[927]: The key fingerprint is:
[   19.787298] cloud-init[927]: SHA256:0Y9td+r1Qx7UpbAvhUXnSkhYH4fI1ccAMxEb/sN6Scc root@ubuntu-xenial
[   19.787603] cloud-init[927]: The key's randomart image is:
[   19.787907] cloud-init[927]: +---[DSA 1024]----+
[   19.788535] cloud-init[927]: |           +XB==o|
[   19.788839] cloud-init[927]: |         ..o+Bo==|
[   19.789147] cloud-init[927]: |        . . +=o.=|
[   19.789461] cloud-init[927]: |         . +o+o+.|
[   19.789783] cloud-init[927]: |        S . +oO E|
[   19.790085] cloud-init[927]: |           ..+.O |
[   19.790409] cloud-init[927]: |            ..* o|
[   19.790708] cloud-init[927]: |             o +.|
[   19.791018] cloud-init[927]: |              . o|
[   19.791331] cloud-init[927]: +----[SHA256]-----+
[   19.791649] cloud-init[927]: Generating public/private ecdsa key pair.
[   19.791961] cloud-init[927]: Your identification has been saved in /etc/ssh/ssh_host_ecdsa_key.
[   19.793099] cloud-init[927]: Your public key has been saved in /etc/ssh/ssh_host_ecdsa_key.pub.
[   19.843038] cloud-init[927]: The key fingerprint is:
[   19.845468] cloud-init[927]: SHA256:gWGwaFAdMRKXWsZTHcfGKXjwkM6dM4EcxFChMXMVGxE root@ubuntu-xenial
[   19.848371] cloud-init[927]: The key's randomart image is:
[   19.850808] cloud-init[927]: +---[ECDSA 256]---+
[   19.854251] cloud-init[927]: |..++@%%XEB..     |
         [   19.859393] cloud-init[927]: | . +BX*==+=      |
Starting LSB: Record successful boot for GRUB...
         Starting System Logging Service...
         Starting Login Service...
[[0;32m  OK  [0m] Started D-Bus System Message Bus.
[   19.860916] cloud-init[927]: |  o+o+.o+=       |
[   19.879389] cloud-init[927]: | ..   o =.       |
[   19.881961] cloud-init[927]: |        So       |
[   19.886498] cloud-init[927]: |                 |
[   19.892957] cloud-init[927]: |                 |
[   19.895762] cloud-init[927]: |                 |[[0;32m  OK  [0m] Started Unattended Upgrades Shutdown.

[   19.901732] cloud-init[927]: |                 |
[   19.903729] cloud-init[927]: +----[SHA256]-----+
[   19.905766] cloud-init[927]: Generating public/private ed25519 key pair.
[   19.909996] cloud-init[927]: Your identification has been saved in /etc/ssh/ssh_host_ed25519_key.
[   19.915139] cloud-init[927]: Your public key has been saved in /etc/ssh/ssh_host_ed25519_key.pub.
[   19.917915] cloud-init[927]: The key fingerprint is:
         [   19.918318] cloud-init[927]: SHA256:0OqHvW4JxrzdXipiRvPaxQVal+2X4Us33pIXb/HgXbE root@ubuntu-xenial
Starting Snappy daemon...[   19.919798] cloud-init[927]: The key's randomart image is:

[   19.922599] cloud-init[927]: +--[ED25519 256]--+
[   19.924401] cloud-init[927]: |                 |
[   19.924810] cloud-init[927]: |       .     o   |
[   19.925405] cloud-init[927]: |      . . o o .o |
[   19.925715] cloud-init[927]: |       o o o .. =|
[   19.926030] cloud-init[927]: |     o. S   . oE+|
[   19.926335] cloud-init[927]: |     .Bo . . .o=@|
[   19.926665] cloud-init[927]: |     oo*ooo . +oB|
[   19.926971] cloud-init[927]: |      =o*o.o   + |
         Starting Virtualbox guest utils...
         Starting Pollinate to seed the pseudo random number generator...
[[0;32m  OK  [0m] Started ACPI event daemon.
[[0;32m  OK  [0m] Started System Logging Service.
[[0;32m  OK  [0m] Started /etc/rc.local Compatibility.
[   19.932252] cloud-init[927]: |     o.=+oo      |
[   19.976339] cloud-init[927]: +----[SHA256]-----+
[[0;32m  OK  [0m] Started LXD - container startup/shutdown.
[[0;32m  OK  [0m] Started Login to default iSCSI targets.
[[0;32m  OK  [0m] Started LSB: MD monitoring daemon.
[[0;32m  OK  [0m] Started LSB: Record successful boot for GRUB.
[[0;32m  OK  [0m] Started Snappy daemon.
[[0;32m  OK  [0m] Started Login Service.
[[0;32m  OK  [0m] Started Virtualbox guest utils.
         Starting Authenticate and Authorize Users to Run Privileged Tasks...
         Starting Wait until snapd is fully seeded...
[[0;32m  OK  [0m] Reached target Remote File Systems (Pre).
[[0;32m  OK  [0m] Reached target Remote File Systems.
         Starting LSB: Set the CPU Frequency Scaling governor to "ondemand"...
         Starting Permit User Sessions...
         Starting LSB: automatic crash report generation...
         Starting LSB: daemon to balance interrupts for SMP systems...
[[0;32m  OK  [0m] Started Permit User Sessions.
[[0;32m  OK  [0m] Started Authenticate and Authorize Users to Run Privileged Tasks.
[[0;32m  OK  [0m] Started Accounts Service.
[[0;32m  OK  [0m] Started LSB: Set the CPU Frequency Scaling governor to "ondemand".
         Starting Terminate Plymouth Boot Screen...
         Starting Hold until boot process finishes up...
[[0;32m  OK  [0m] Started LSB: automatic crash report generation.
[[0;32m  OK  [0m] Started LSB: daemon to balance interrupts for SMP systems.
[[0;32m  OK  [0m] Started Terminate Plymouth Boot Screen.
[[0;32m  OK  [0m] Started Hold until boot process finishes up.
         Starting Set console scheme...
[[0;32m  OK  [0m] Started Getty on tty1.
[[0;32m  OK  [0m] Started Serial Getty on ttyS0.
[[0;32m  OK  [0m] Reached target Login Prompts.
[[0;32m  OK  [0m] Started Set console scheme.
[[0;32m  OK  [0m] Started Pollinate to seed the pseudo random number generator.
         Starting OpenBSD Secure Shell server...
[[0;32m  OK  [0m] Started OpenBSD Secure Shell server.
[[0;32m  OK  [0m] Created slice User Slice of vagrant.
         Starting User Manager for UID 1000...
[[0;32m  OK  [0m] Started Session 1 of user vagrant.
[[0;32m  OK  [0m] Started User Manager for UID 1000.
[[0;32m  OK  [0m] Started Wait until snapd is fully seeded.
         Starting Apply the settings specified in cloud-config...
[[0;32m  OK  [0m] Reached target Multi-User System.
[[0;32m  OK  [0m] Reached target Graphical Interface.
         Starting Update UTMP about System Runlevel Changes...
[[0;32m  OK  [0m] Started Update UTMP about System Runlevel Changes.
         Stopping User Manager for UID 1000...
[[0;32m  OK  [0m] Stopped User Manager for UID 1000.
[[0;32m  OK  [0m] Removed slice User Slice of vagrant.
[   25.704571] [1420]: Generating locales (this might take a while)...
[   26.401785] cloud-init[1420]:   en_US.UTF-8... done
[   26.403351] cloud-init[1420]: Generation complete.
[   26.658377] cloud-init[1420]: Cloud-init v. 18.4-0ubuntu1~16.04.2 running 'modules:config' at Sat, 16 Feb 2019 17:55:25 +0000. Up 25.59 seconds.

Ubuntu 16.04.5 LTS ubuntu-xenial ttyS0

ubuntu-xenial login: ci-info: no authorized ssh keys fingerprints found for user ubuntu.
<14>Feb 16 17:55:26 ec2: 
<14>Feb 16 17:55:26 ec2: #############################################################
<14>Feb 16 17:55:26 ec2: -----BEGIN SSH HOST KEY FINGERPRINTS-----
<14>Feb 16 17:55:26 ec2: 1024 SHA256:0Y9td+r1Qx7UpbAvhUXnSkhYH4fI1ccAMxEb/sN6Scc root@ubuntu-xenial (DSA)
<14>Feb 16 17:55:26 ec2: 256 SHA256:gWGwaFAdMRKXWsZTHcfGKXjwkM6dM4EcxFChMXMVGxE root@ubuntu-xenial (ECDSA)
<14>Feb 16 17:55:26 ec2: 256 SHA256:0OqHvW4JxrzdXipiRvPaxQVal+2X4Us33pIXb/HgXbE root@ubuntu-xenial (ED25519)
<14>Feb 16 17:55:26 ec2: 2048 SHA256:OKme8B7GNyV71q+Pt/14w0CMwko/cs/KZ7opaW+88CE root@ubuntu-xenial (RSA)
<14>Feb 16 17:55:26 ec2: -----END SSH HOST KEY FINGERPRINTS-----
<14>Feb 16 17:55:26 ec2: #############################################################
-----BEGIN SSH HOST KEY KEYS-----
ecdsa-sha2-nistp256 AAAAE2VjZHNhLXNoYTItbmlzdHAyNTYAAAAIbmlzdHAyNTYAAABBBJ3rXpK71QQ1yHJOys9jcozEfRH7SiXV9eyVAoPEvDqTiGIwf0IF9RzVSn7TvLcCjz/nl5PFhBzZZwWDvohmRtU= root@ubuntu-xenial
ssh-ed25519 AAAAC3NzaC1lZDI1NTE5AAAAIBAte7KZrzsPJCv73M5E39JlnV6946lSopuqk+689eEd root@ubuntu-xenial
ssh-rsa AAAAB3NzaC1yc2EAAAADAQABAAABAQDeKi+I5E1PmfUYEkiNM+pacJZpCLMx/S7n9pTWSXEAmPCvBME84lCd1y192L5flj6SIbd/VKfLSsWJDzadusfKp997Cv/AnD/rc8prrwp7Dmd6qyrHrzG7xzkVcmvaWnYFjNWnxaWn5atj0tOcsiT5Q5eaOoUZgF+ndkoIw5FusYfpZPHzkqc/EFcLQJiuUGWTR1uLMP5LyCkXc/+6/Z/NcQNm4QEpK4UjNjwtHY72MmEKFx3DrKJTpv2OvSslMaevZ6gSH7EI4weWQRWnz5ID1aQBZkHQISmEQULspi02LcJoMKkVYsfE0jNrjRnpmhCH5pBufjb4t4HBcTW5vL5J root@ubuntu-xenial
-----END SSH HOST KEY KEYS-----
[   27.178764] cloud-init[1591]: Cloud-init v. 18.4-0ubuntu1~16.04.2 running 'modules:final' at Sat, 16 Feb 2019 17:55:26 +0000. Up 27.01 seconds.
[   27.178938] cloud-init[1591]: ci-info: no authorized ssh keys fingerprints found for user ubuntu.
[   27.179031] cloud-init[1591]: Cloud-init v. 18.4-0ubuntu1~16.04.2 finished at Sat, 16 Feb 2019 17:55:26 +0000. Datasource DataSourceNoCloud [seed=/dev/sdb][dsmode=net].  Up 27.17 seconds
[[0;32m  OK  [0m] Stopped target Timers.
[[0;32m  OK  [0m] Stopped target Graphical Interface.
         Stopping Accounts Service...
[[0;32m  OK  [0m] Stopped target Cloud-init target.
[[0;32m  OK  [0m] Stopped Daily apt upge[[0;32m  OK  [0m] Stopped Daily Cleanup of Temporary Directories.
         Stopping Regular background program processing daemon...
         Stopping OpenBSD Secure Shell server...
         Stopping Deferred execution scheduler...
         Stopping LSB: Record successful boot for GRUB...
         Stopping Authenticate and Authorize Users to Run Privileged Tasks...
[[0;32m  OK  [0m] Unmounted /var/lib/lxcfs.
[[0;32m  OK  [0m] Stopped Deferred execution scheduler.
[[0;32m  OK  [0m] Stopped Accounts Service.
[[0;32m  OK  [0m] Stopped Regular background program processing daemon.
[[0;32m  OK  [0m] Stopped System Logging Service.
[[0;32m  OK  [0m] Stopped Snappy daemon.
[[0;32m  OK  [0m] Stopped ACPI event daemon.
[[0;32m  OK  [0m] Stopped Authenticate and Authorize Users to Run Privileged Tasks.
[[0;32m  OK  [0m] Stopped Getty on tty1.
[[0;32m  OK  [0m] Stopped Serial Getty on ttyS0.
[[0;32m  OK  [0m] Stopped OpenBSD Secure Shell server.
[[0;32m  OK  [0m] Stopped User Manager for UID 1000.
[[0;32m  OK  [0m] Stopped D-Bus System Message Bus.
[[0;32m  OK  [0m] Stopped Unattended Upgrades Shutdown.
[[0;32m  OK  [0m] Stopped Session 4 of user vagrant.
[[0;32m  OK  [0m] Stopped FUSE filesystem for LXC.
[[0;32m  OK  [0m] Stopped LSB: Set the CPU Frequency Scaling governor to "ondemand".
[[0;32m  OK  [0m] Stopped LSB: daemon to balance interrupts for SMP systems.
[[0;32m  OK  [0m] Stopped LSB: automatic crash report generation.
[[0;32m  OK  [0m] Stopped LXD - container startup/shutdown.
[[0;32m  OK  [0m] Stopped Virtualbox guest utils.
[[0;32m  OK  [0m] Stopped LSB: MD monitoring daemon.
[[0;32m  OK  [0m] Stopped LSB: Record successful boot for GRUB.
[[0;32m  OK  [0m] Removed slice User Slice of vagrant.
         Stopping Login Service...
[[0;32m  OK  [0m] Removed slice system-serial\x2dgetty.slice.
         Stopping Permit User Sessions...
[[0;32m  OK  [0m] Removed slice system-getty.slice.
[[0;32m  OK  [0m] Stopped /etc/rc.local Compatibility.
[[0;32m  OK  [0m] Stopped Login Service.
[[0;32m  OK  [0m] Stopped Permit User Sessions.
[[0;32m  OK  [0m] Stopped target Remote File Systems.
[[0;32m  OK  [0m] Stopped target Remote File Systems (Pre).
         Stopping Login to default iSCSI targets...
[[0;32m  OK  [0m] Stopped target User and Group Name Lookups.
[[0;32m  OK  [0m] Stopped target Basic System.
[[0;32m  OK  [0m] Stopped target Paths.
[[0;32m  OK  [0m] Stopped ACPI Events Check.
[[0;32m  OK  [0m] Stopped Forward Password Requests to Wall Directory Watch.
[[0;32m  OK  [0m] Stopped Dispatch Password Requests to Console Directory Watch.
[[0;32m  OK  [0m] Stopped target Slices.
[[0;32m  OK  [0m] Removed slice User and Session Slice.
[[0;32m  OK  [0m] Stopped target Sockets.
[[0;32m  OK  [0m] Closed Syslog Socket.
[[0;32m  OK  [0m] Closed ACPID Listen Socket.
[[0;32m  OK  [0m] Closed D-Bus System Message Bus Socket.
[[0;32m  OK  [0m] Closed LXD - unix socket.
[[0;32m  OK  [0m] Closed UUID daemon activation socket.
[[0;32m  OK  [0m] Closed Socket activation for snappy daemon.
[[0;32m  OK  [0m] Stopped target System Initialization.
         Stopping Load/Save Random Seed...
[[0;32m  OK  [0m] Stopped Commit a transient machine-id on disk.
         Stopping Update UTMP about System Boot/Shutdown...
[[0;32m  OK  [0m] Stopped target Swap.
[[0;32m  OK  [0m] Stopped target Encrypted Volumes.
[[0;32m  OK  [0m] Stopped Load/Save Random Seed.
[[0;32m  OK  [0m] Stopped Login to default iSCSI targets.
[[0;32m  OK  [0m] Stopped Update UTMP about System Boot/Shutdown.
[[0;32m  OK  [0m] Stopped Create Volatile Files and Directories.
         Stopping iSCSI initiator daemon (iscsid)...
[[0;32m  OK  [0m] Stopped iSCSI initiator daemon (iscsid).
[[0;32m  OK  [0m] Stopped target Network is Online.
[[0;32m  OK  [0m] Stopped target Network.
[[0;32m  OK  [0m] Stopped Initial cloud-init job (metadata service crawler).
         Stopping Raise network interfaces...
[[0;32m  OK  [0m] Stopped Raise network interfaces.
[[0;32m  OK  [0m] Stopped target Local File Systems.
         Unmounting /run/user/1000...
         Unmounting /vagrant...
[[0;32m  OK  [0m] Stopped Apply Kernel Variables.
[[0;32m  OK  [0m] Stopped Load Kernel Modules.
[[0;32m  OK  [0m] Stopped target Network (Pre).
[[0;32m  OK  [0m] Stopped Initial cloud-init job (pre-networking).
[[0;32m  OK  [0m] Unmounted /run/user/1000.
[[0;32m  OK  [0m] Unmounted /vagrant.
[[0;32m  OK  [0m] Reached target Unmount All Filesystems.
[[0;32m  OK  [0m] Stopped target Local File Systems (Pre).
         Stopping Monitoring of LVM2 mirrors... dmeventd or progress polling...
[[0;32m  OK  [0m] Stopped Create Static Device Nodes in /dev.
[[0;32m  OK  [0m] Stopped Remount Root and Kernel File Systems.
[[0;32m  OK  [0m] Reached target Shutdown.
[  359.907259] reboot: Power down
